<?xml version="1.0" encoding="UTF-8"?>
<!-- Generated by org.testng.reporters.JUnitXMLReporter -->
<testsuite hostname="DESKTOP-O7HFG9C" name="TooltipResults" tests="1" failures="0" timestamp="11 Mar 2018 10:18:47 GMT" time="45.499" errors="0">
  <testcase name="@BeforeTest beforeTest" time="0.0" classname="testNG.ToolTip">
    <failure type="org.openqa.selenium.WebDriverException" message="Failed to connect to binary FirefoxBinary(C:\Program Files\Mozilla Firefox\firefox.exe) on port 7056; process output follows: 
illa Firefox\browser\features\firefox@getpocket.com.xpi
1520763482652	addons.xpi	DEBUG	Calling bootstrap method startup on firefox@getpocket.com version 1.0.2
1520763482653	addons.xpi	DEBUG	Registering manifest for C:\Program Files\Mozilla Firefox\browser\features\loop@mozilla.org.xpi
1520763482654	addons.xpi	DEBUG	Calling bootstrap method startup on loop@mozilla.org version 1.3.2
1520763482677	addons.xpi	DEBUG	Registering manifest for C:\Program Files\Mozilla Firefox\browser\features\websensehelper@mozilla.org.xpi
1520763482678	addons.xpi	DEBUG	Calling bootstrap method startup on websensehelper@mozilla.org version 1.0
1520763482683	addons.manager	DEBUG	Registering shutdown blocker for XPIProvider
1520763482684	addons.manager	DEBUG	Provider finished startup: XPIProvider
1520763482684	addons.manager	DEBUG	Starting provider: LightweightThemeManager
1520763482684	addons.manager	DEBUG	Registering shutdown blocker for LightweightThemeManager
1520763482684	addons.manager	DEBUG	Provider finished startup: LightweightThemeManager
1520763482685	addons.manager	DEBUG	Starting provider: GMPProvider
1520763482694	addons.manager	DEBUG	Registering shutdown blocker for GMPProvider
1520763482694	addons.manager	DEBUG	Provider finished startup: GMPProvider
1520763482694	addons.manager	DEBUG	Starting provider: PluginProvider
1520763482695	addons.manager	DEBUG	Registering shutdown blocker for PluginProvider
1520763482695	addons.manager	DEBUG	Provider finished startup: PluginProvider
1520763482695	addons.manager	DEBUG	Completed startup sequence
1520763483121	DeferredSave.extensions.json	DEBUG	Starting write
1520763483129	addons.manager	DEBUG	Starting provider: &amp;lt;unnamed-provider&amp;gt;
1520763483129	addons.manager	DEBUG	Registering shutdown blocker for &amp;lt;unnamed-provider&amp;gt;
1520763483130	addons.manager	DEBUG	Provider finished startup: &amp;lt;unnamed-provider&amp;gt;
1520763483424	addons.repository	DEBUG	No addons.json found.
1520763483424	DeferredSave.addons.json	DEBUG	Save changes
1520763483428	DeferredSave.addons.json	DEBUG	Starting timer
1520763483448	addons.manager	DEBUG	Starting provider: PreviousExperimentProvider
1520763483448	addons.manager	DEBUG	Registering shutdown blocker for PreviousExperimentProvider
1520763483448	addons.manager	DEBUG	Provider finished startup: PreviousExperimentProvider
1520763483451	DeferredSave.extensions.json	DEBUG	Write succeeded
1520763483451	addons.xpi-utils	DEBUG	XPI Database saved, setting schema version preference to 17
1520763483482	DeferredSave.addons.json	DEBUG	Starting write
1520763483533	DeferredSave.addons.json	DEBUG	Write succeeded
JavaScript error: chrome://fxdriver/content/server.js, line 61: uncaught exception: [object Object]
JavaScript error: chrome://fxdriver/content/server.js, line 61: NS_ERROR_XPC_CI_RETURNED_FAILURE: Component returned failure code: 0x80570015 (NS_ERROR_XPC_CI_RETURNED_FAILURE) [nsIJSCID.createInstance]
1520763487775	addons.xpi	DEBUG	Calling bootstrap method shutdown on e10srollout@mozilla.org version 1.0
1520763487776	addons.xpi	DEBUG	Calling bootstrap method shutdown on firefox@getpocket.com version 1.0.2
1520763487777	addons.xpi	DEBUG	Calling bootstrap method shutdown on loop@mozilla.org version 1.3.2
1520763487784	addons.xpi	DEBUG	Calling bootstrap method shutdown on websensehelper@mozilla.org version 1.0
1520763488001	addons.manager	DEBUG	shutdown
1520763488001	addons.manager	DEBUG	Calling shutdown blocker for XPIProvider
1520763488001	addons.xpi	DEBUG	shutdown
1520763488002	addons.xpi-utils	DEBUG	shutdown
1520763488002	addons.manager	DEBUG	Calling shutdown blocker for LightweightThemeManager
1520763488003	addons.manager	DEBUG	Calling shutdown blocker for GMPProvider
1520763488004	addons.manager	DEBUG	Calling shutdown blocker for PluginProvider
1520763488005	addons.manager	DEBUG	Calling shutdown blocker for &amp;lt;unnamed-provider&amp;gt;
1520763488006	addons.manager	DEBUG	Calling shutdown blocker for PreviousExperimentProvider
1520763488009	addons.xpi	DEBUG	Notifying XPI shutdown observers
1520763488013	addons.manager	DEBUG	Async provider shutdown done

Build info: version: &amp;apos;2.53.1&amp;apos;, revision: &amp;apos;a36b8b1&amp;apos;, time: &amp;apos;2016-06-30 17:37:03&amp;apos;
System info: host: &amp;apos;DESKTOP-O7HFG9C&amp;apos;, ip: &amp;apos;192.168.0.15&amp;apos;, os.name: &amp;apos;Windows 10&amp;apos;, os.arch: &amp;apos;amd64&amp;apos;, os.version: &amp;apos;10.0&amp;apos;, java.version: &amp;apos;1.8.0_162&amp;apos;
Driver info: driver.version: FirefoxDriver">
      <![CDATA[org.openqa.selenium.WebDriverException: Failed to connect to binary FirefoxBinary(C:\Program Files\Mozilla Firefox\firefox.exe) on port 7056; process output follows: 
illa Firefox\browser\features\firefox@getpocket.com.xpi
1520763482652	addons.xpi	DEBUG	Calling bootstrap method startup on firefox@getpocket.com version 1.0.2
1520763482653	addons.xpi	DEBUG	Registering manifest for C:\Program Files\Mozilla Firefox\browser\features\loop@mozilla.org.xpi
1520763482654	addons.xpi	DEBUG	Calling bootstrap method startup on loop@mozilla.org version 1.3.2
1520763482677	addons.xpi	DEBUG	Registering manifest for C:\Program Files\Mozilla Firefox\browser\features\websensehelper@mozilla.org.xpi
1520763482678	addons.xpi	DEBUG	Calling bootstrap method startup on websensehelper@mozilla.org version 1.0
1520763482683	addons.manager	DEBUG	Registering shutdown blocker for XPIProvider
1520763482684	addons.manager	DEBUG	Provider finished startup: XPIProvider
1520763482684	addons.manager	DEBUG	Starting provider: LightweightThemeManager
1520763482684	addons.manager	DEBUG	Registering shutdown blocker for LightweightThemeManager
1520763482684	addons.manager	DEBUG	Provider finished startup: LightweightThemeManager
1520763482685	addons.manager	DEBUG	Starting provider: GMPProvider
1520763482694	addons.manager	DEBUG	Registering shutdown blocker for GMPProvider
1520763482694	addons.manager	DEBUG	Provider finished startup: GMPProvider
1520763482694	addons.manager	DEBUG	Starting provider: PluginProvider
1520763482695	addons.manager	DEBUG	Registering shutdown blocker for PluginProvider
1520763482695	addons.manager	DEBUG	Provider finished startup: PluginProvider
1520763482695	addons.manager	DEBUG	Completed startup sequence
1520763483121	DeferredSave.extensions.json	DEBUG	Starting write
1520763483129	addons.manager	DEBUG	Starting provider: <unnamed-provider>
1520763483129	addons.manager	DEBUG	Registering shutdown blocker for <unnamed-provider>
1520763483130	addons.manager	DEBUG	Provider finished startup: <unnamed-provider>
1520763483424	addons.repository	DEBUG	No addons.json found.
1520763483424	DeferredSave.addons.json	DEBUG	Save changes
1520763483428	DeferredSave.addons.json	DEBUG	Starting timer
1520763483448	addons.manager	DEBUG	Starting provider: PreviousExperimentProvider
1520763483448	addons.manager	DEBUG	Registering shutdown blocker for PreviousExperimentProvider
1520763483448	addons.manager	DEBUG	Provider finished startup: PreviousExperimentProvider
1520763483451	DeferredSave.extensions.json	DEBUG	Write succeeded
1520763483451	addons.xpi-utils	DEBUG	XPI Database saved, setting schema version preference to 17
1520763483482	DeferredSave.addons.json	DEBUG	Starting write
1520763483533	DeferredSave.addons.json	DEBUG	Write succeeded
JavaScript error: chrome://fxdriver/content/server.js, line 61: uncaught exception: [object Object]
JavaScript error: chrome://fxdriver/content/server.js, line 61: NS_ERROR_XPC_CI_RETURNED_FAILURE: Component returned failure code: 0x80570015 (NS_ERROR_XPC_CI_RETURNED_FAILURE) [nsIJSCID.createInstance]
1520763487775	addons.xpi	DEBUG	Calling bootstrap method shutdown on e10srollout@mozilla.org version 1.0
1520763487776	addons.xpi	DEBUG	Calling bootstrap method shutdown on firefox@getpocket.com version 1.0.2
1520763487777	addons.xpi	DEBUG	Calling bootstrap method shutdown on loop@mozilla.org version 1.3.2
1520763487784	addons.xpi	DEBUG	Calling bootstrap method shutdown on websensehelper@mozilla.org version 1.0
1520763488001	addons.manager	DEBUG	shutdown
1520763488001	addons.manager	DEBUG	Calling shutdown blocker for XPIProvider
1520763488001	addons.xpi	DEBUG	shutdown
1520763488002	addons.xpi-utils	DEBUG	shutdown
1520763488002	addons.manager	DEBUG	Calling shutdown blocker for LightweightThemeManager
1520763488003	addons.manager	DEBUG	Calling shutdown blocker for GMPProvider
1520763488004	addons.manager	DEBUG	Calling shutdown blocker for PluginProvider
1520763488005	addons.manager	DEBUG	Calling shutdown blocker for <unnamed-provider>
1520763488006	addons.manager	DEBUG	Calling shutdown blocker for PreviousExperimentProvider
1520763488009	addons.xpi	DEBUG	Notifying XPI shutdown observers
1520763488013	addons.manager	DEBUG	Async provider shutdown done

Build info: version: '2.53.1', revision: 'a36b8b1', time: '2016-06-30 17:37:03'
System info: host: 'DESKTOP-O7HFG9C', ip: '192.168.0.15', os.name: 'Windows 10', os.arch: 'amd64', os.version: '10.0', java.version: '1.8.0_162'
Driver info: driver.version: FirefoxDriver
	at org.openqa.selenium.firefox.internal.NewProfileExtensionConnection.start(NewProfileExtensionConnection.java:124)
	at org.openqa.selenium.firefox.FirefoxDriver.startClient(FirefoxDriver.java:271)
	at org.openqa.selenium.remote.RemoteWebDriver.<init>(RemoteWebDriver.java:119)
	at org.openqa.selenium.firefox.FirefoxDriver.<init>(FirefoxDriver.java:218)
	at org.openqa.selenium.firefox.FirefoxDriver.<init>(FirefoxDriver.java:211)
	at org.openqa.selenium.firefox.FirefoxDriver.<init>(FirefoxDriver.java:207)
	at org.openqa.selenium.firefox.FirefoxDriver.<init>(FirefoxDriver.java:120)
	at testNG.ToolTip.beforeTest(ToolTip.java:21)
Caused by: org.openqa.selenium.firefox.NotConnectedException: Unable to connect to host 127.0.0.1 on port 7056 after 45000 ms. Firefox console output:
illa Firefox\browser\features\firefox@getpocket.com.xpi
1520763482652	addons.xpi	DEBUG	Calling bootstrap method startup on firefox@getpocket.com version 1.0.2
1520763482653	addons.xpi	DEBUG	Registering manifest for C:\Program Files\Mozilla Firefox\browser\features\loop@mozilla.org.xpi
1520763482654	addons.xpi	DEBUG	Calling bootstrap method startup on loop@mozilla.org version 1.3.2
1520763482677	addons.xpi	DEBUG	Registering manifest for C:\Program Files\Mozilla Firefox\browser\features\websensehelper@mozilla.org.xpi
1520763482678	addons.xpi	DEBUG	Calling bootstrap method startup on websensehelper@mozilla.org version 1.0
1520763482683	addons.manager	DEBUG	Registering shutdown blocker for XPIProvider
1520763482684	addons.manager	DEBUG	Provider finished startup: XPIProvider
1520763482684	addons.manager	DEBUG	Starting provider: LightweightThemeManager
1520763482684	addons.manager	DEBUG	Registering shutdown blocker for LightweightThemeManager
1520763482684	addons.manager	DEBUG	Provider finished startup: LightweightThemeManager
1520763482685	addons.manager	DEBUG	Starting provider: GMPProvider
1520763482694	addons.manager	DEBUG	Registering shutdown blocker for GMPProvider
1520763482694	addons.manager	DEBUG	Provider finished startup: GMPProvider
1520763482694	addons.manager	DEBUG	Starting provider: PluginProvider
1520763482695	addons.manager	DEBUG	Registering shutdown blocker for PluginProvider
1520763482695	addons.manager	DEBUG	Provider finished startup: PluginProvider
1520763482695	addons.manager	DEBUG	Completed startup sequence
1520763483121	DeferredSave.extensions.json	DEBUG	Starting write
1520763483129	addons.manager	DEBUG	Starting provider: <unnamed-provider>
1520763483129	addons.manager	DEBUG	Registering shutdown blocker for <unnamed-provider>
1520763483130	addons.manager	DEBUG	Provider finished startup: <unnamed-provider>
1520763483424	addons.repository	DEBUG	No addons.json found.
1520763483424	DeferredSave.addons.json	DEBUG	Save changes
1520763483428	DeferredSave.addons.json	DEBUG	Starting timer
1520763483448	addons.manager	DEBUG	Starting provider: PreviousExperimentProvider
1520763483448	addons.manager	DEBUG	Registering shutdown blocker for PreviousExperimentProvider
1520763483448	addons.manager	DEBUG	Provider finished startup: PreviousExperimentProvider
1520763483451	DeferredSave.extensions.json	DEBUG	Write succeeded
1520763483451	addons.xpi-utils	DEBUG	XPI Database saved, setting schema version preference to 17
1520763483482	DeferredSave.addons.json	DEBUG	Starting write
1520763483533	DeferredSave.addons.json	DEBUG	Write succeeded
JavaScript error: chrome://fxdriver/content/server.js, line 61: uncaught exception: [object Object]
JavaScript error: chrome://fxdriver/content/server.js, line 61: NS_ERROR_XPC_CI_RETURNED_FAILURE: Component returned failure code: 0x80570015 (NS_ERROR_XPC_CI_RETURNED_FAILURE) [nsIJSCID.createInstance]
1520763487775	addons.xpi	DEBUG	Calling bootstrap method shutdown on e10srollout@mozilla.org version 1.0
1520763487776	addons.xpi	DEBUG	Calling bootstrap method shutdown on firefox@getpocket.com version 1.0.2
1520763487777	addons.xpi	DEBUG	Calling bootstrap method shutdown on loop@mozilla.org version 1.3.2
1520763487784	addons.xpi	DEBUG	Calling bootstrap method shutdown on websensehelper@mozilla.org version 1.0
1520763488001	addons.manager	DEBUG	shutdown
1520763488001	addons.manager	DEBUG	Calling shutdown blocker for XPIProvider
1520763488001	addons.xpi	DEBUG	shutdown
1520763488002	addons.xpi-utils	DEBUG	shutdown
1520763488002	addons.manager	DEBUG	Calling shutdown blocker for LightweightThemeManager
1520763488003	addons.manager	DEBUG	Calling shutdown blocker for GMPProvider
1520763488004	addons.manager	DEBUG	Calling shutdown blocker for PluginProvider
1520763488005	addons.manager	DEBUG	Calling shutdown blocker for <unnamed-provider>
1520763488006	addons.manager	DEBUG	Calling shutdown blocker for PreviousExperimentProvider
1520763488009	addons.xpi	DEBUG	Notifying XPI shutdown observers
1520763488013	addons.manager	DEBUG	Async provider shutdown done

	at org.openqa.selenium.firefox.internal.NewProfileExtensionConnection.start(NewProfileExtensionConnection.java:112)
	... 29 more
... Removed 22 stack frames]]>
    </failure>
  </testcase> <!-- @BeforeTest beforeTest -->
  <testcase name="f" time="0.005" classname="testNG.ToolTip">
    <skipped/>
  </testcase> <!-- f -->
</testsuite> <!-- TooltipResults -->
